04/03/2020 02:15:00 PM INFO: main() - Load config file
04/03/2020 02:15:00 PM INFO: main() - Make request pages
04/03/2020 02:15:00 PM INFO: makeRequest() - Do make crawling target page
04/03/2020 02:15:01 PM INFO: getWebDriver() - open url :: http://arirang.com//News/News_List.asp?sys_lang=Eng&category=1
04/03/2020 02:15:06 PM INFO: getContentsUrls() - url :: http://arirang.com//News/News_List.asp?sys_lang=Eng&category=1
04/03/2020 02:15:07 PM INFO: makeRequest() - crawling target address :: {'subject': 'World', 'urls': ['http://arirang.com//News/News_View.asp?nseq=255567', 'http://arirang.com//News/News_View.asp?nseq=255561', 'http://arirang.com//News/News_View.asp?nseq=255572', 'http://arirang.com//News/News_View.asp?nseq=255537', 'http://arirang.com//News/News_View.asp?nseq=255536', 'http://arirang.com//News/News_View.asp?nseq=255540', 'http://arirang.com//News/News_View.asp?nseq=255478', 'http://arirang.com//News/News_View.asp?nseq=255477', 'http://arirang.com//News/News_View.asp?nseq=255480', 'http://arirang.com//News/News_View.asp?nseq=255479', 'http://arirang.com//News/News_View.asp?nseq=255525', 'http://arirang.com//News/News_View.asp?nseq=255527']}
04/03/2020 02:15:09 PM INFO: getWebDriver() - open url :: http://arirang.com//News/News_List.asp?sys_lang=Eng&category=2
04/03/2020 02:15:14 PM INFO: getContentsUrls() - url :: http://arirang.com//News/News_List.asp?sys_lang=Eng&category=2
04/03/2020 02:15:15 PM INFO: makeRequest() - crawling target address :: {'subject': "Nat'l/Politics", 'urls': ['http://arirang.com//News/News_View.asp?nseq=255581', 'http://arirang.com//News/News_View.asp?nseq=255582', 'http://arirang.com//News/News_View.asp?nseq=255580', 'http://arirang.com//News/News_View.asp?nseq=255538', 'http://arirang.com//News/News_View.asp?nseq=255557', 'http://arirang.com//News/News_View.asp?nseq=255564', 'http://arirang.com//News/News_View.asp?nseq=255563', 'http://arirang.com//News/News_View.asp?nseq=255556', 'http://arirang.com//News/News_View.asp?nseq=255544', 'http://arirang.com//News/News_View.asp?nseq=255545', 'http://arirang.com//News/News_View.asp?nseq=255539', 'http://arirang.com//News/News_View.asp?nseq=255535']}
04/03/2020 02:15:16 PM INFO: getWebDriver() - open url :: http://arirang.com//News/News_List.asp?sys_lang=Eng&category=3
04/03/2020 02:15:20 PM INFO: getContentsUrls() - url :: http://arirang.com//News/News_List.asp?sys_lang=Eng&category=3
04/03/2020 02:15:21 PM INFO: makeRequest() - crawling target address :: {'subject': 'Economy', 'urls': ['http://arirang.com//News/News_View.asp?nseq=255559', 'http://arirang.com//News/News_View.asp?nseq=255558', 'http://arirang.com//News/News_View.asp?nseq=255560', 'http://arirang.com//News/News_View.asp?nseq=255568', 'http://arirang.com//News/News_View.asp?nseq=255532', 'http://arirang.com//News/News_View.asp?nseq=255483', 'http://arirang.com//News/News_View.asp?nseq=255533', 'http://arirang.com//News/News_View.asp?nseq=255492', 'http://arirang.com//News/News_View.asp?nseq=255482', 'http://arirang.com//News/News_View.asp?nseq=255487', 'http://arirang.com//News/News_View.asp?nseq=255399', 'http://arirang.com//News/News_View.asp?nseq=255444']}
04/03/2020 02:15:23 PM INFO: getWebDriver() - open url :: http://arirang.com//News/News_List.asp?sys_lang=Eng&category=5
04/03/2020 02:15:28 PM INFO: getContentsUrls() - url :: http://arirang.com//News/News_List.asp?sys_lang=Eng&category=5
04/03/2020 02:15:28 PM INFO: makeRequest() - crawling target address :: {'subject': 'IT/Science', 'urls': ['http://arirang.com//News/News_View.asp?nseq=255573', 'http://arirang.com//News/News_View.asp?nseq=255584', 'http://arirang.com//News/News_View.asp?nseq=255481', 'http://arirang.com//News/News_View.asp?nseq=255344', 'http://arirang.com//News/News_View.asp?nseq=255243', 'http://arirang.com//News/News_View.asp?nseq=255245', 'http://arirang.com//News/News_View.asp?nseq=254912', 'http://arirang.com//News/News_View.asp?nseq=254822', 'http://arirang.com//News/News_View.asp?nseq=254804', 'http://arirang.com//News/News_View.asp?nseq=254632', 'http://arirang.com//News/News_View.asp?nseq=254561', 'http://arirang.com//News/News_View.asp?nseq=254547']}
04/03/2020 02:15:30 PM INFO: getWebDriver() - open url :: http://arirang.com//News/News_List.asp?sys_lang=Eng&category=6
04/03/2020 02:15:35 PM INFO: getContentsUrls() - url :: http://arirang.com//News/News_List.asp?sys_lang=Eng&category=6
04/03/2020 02:15:35 PM INFO: makeRequest() - crawling target address :: {'subject': 'Sports', 'urls': ['http://arirang.com//News/News_View.asp?nseq=255583', 'http://arirang.com//News/News_View.asp?nseq=255242', 'http://arirang.com//News/News_View.asp?nseq=255166', 'http://arirang.com//News/News_View.asp?nseq=255107', 'http://arirang.com//News/News_View.asp?nseq=255000', 'http://arirang.com//News/News_View.asp?nseq=254944', 'http://arirang.com//News/News_View.asp?nseq=254928', 'http://arirang.com//News/News_View.asp?nseq=254673', 'http://arirang.com//News/News_View.asp?nseq=254622', 'http://arirang.com//News/News_View.asp?nseq=254463', 'http://arirang.com//News/News_View.asp?nseq=254462', 'http://arirang.com//News/News_View.asp?nseq=254321']}
04/03/2020 02:15:37 PM INFO: getWebDriver() - open url :: http://arirang.com//News/News_List.asp?sys_lang=Eng&category=7
04/03/2020 02:15:41 PM INFO: getContentsUrls() - url :: http://arirang.com//News/News_List.asp?sys_lang=Eng&category=7
04/03/2020 02:15:42 PM INFO: makeRequest() - crawling target address :: {'subject': 'Life/Culture', 'urls': ['http://arirang.com//News/News_View.asp?nseq=255541', 'http://arirang.com//News/News_View.asp?nseq=255610', 'http://arirang.com//News/News_View.asp?nseq=255460', 'http://arirang.com//News/News_View.asp?nseq=255413', 'http://arirang.com//News/News_View.asp?nseq=255438', 'http://arirang.com//News/News_View.asp?nseq=255385', 'http://arirang.com//News/News_View.asp?nseq=255370', 'http://arirang.com//News/News_View.asp?nseq=255372', 'http://arirang.com//News/News_View.asp?nseq=255326', 'http://arirang.com//News/News_View.asp?nseq=255305', 'http://arirang.com//News/News_View.asp?nseq=255287', 'http://arirang.com//News/News_View.asp?nseq=255289']}
04/03/2020 02:15:44 PM INFO: getWebDriver() - open url :: http://arirang.com//News/News_List.asp?sys_lang=Eng&category=8
04/03/2020 02:15:49 PM INFO: getContentsUrls() - url :: http://arirang.com//News/News_List.asp?sys_lang=Eng&category=8
04/03/2020 02:15:49 PM INFO: makeRequest() - crawling target address :: {'subject': 'Weather', 'urls': ['http://arirang.com//News/News_View.asp?nseq=255585', 'http://arirang.com//News/News_View.asp?nseq=255565', 'http://arirang.com//News/News_View.asp?nseq=255543', 'http://arirang.com//News/News_View.asp?nseq=255503', 'http://arirang.com//News/News_View.asp?nseq=255493', 'http://arirang.com//News/News_View.asp?nseq=255485', 'http://arirang.com//News/News_View.asp?nseq=255466', 'http://arirang.com//News/News_View.asp?nseq=255424', 'http://arirang.com//News/News_View.asp?nseq=255414', 'http://arirang.com//News/News_View.asp?nseq=255404', 'http://arirang.com//News/News_View.asp?nseq=255387', 'http://arirang.com//News/News_View.asp?nseq=255345']}
04/03/2020 02:15:51 PM INFO: getWebDriver() - open url :: http://arirang.com//News/News_List.asp?sys_lang=Eng&category=9
04/03/2020 02:15:56 PM INFO: getContentsUrls() - url :: http://arirang.com//News/News_List.asp?sys_lang=Eng&category=9
04/03/2020 02:15:57 PM INFO: makeRequest() - crawling target address :: {'subject': 'Foreign Policy', 'urls': ['http://arirang.com//News/News_View.asp?nseq=255562', 'http://arirang.com//News/News_View.asp?nseq=255464', 'http://arirang.com//News/News_View.asp?nseq=255442', 'http://arirang.com//News/News_View.asp?nseq=255420', 'http://arirang.com//News/News_View.asp?nseq=255378', 'http://arirang.com//News/News_View.asp?nseq=255109', 'http://arirang.com//News/News_View.asp?nseq=255019', 'http://arirang.com//News/News_View.asp?nseq=254942', 'http://arirang.com//News/News_View.asp?nseq=254917', 'http://arirang.com//News/News_View.asp?nseq=254877', 'http://arirang.com//News/News_View.asp?nseq=254892', 'http://arirang.com//News/News_View.asp?nseq=254853']}
04/03/2020 02:15:57 PM INFO: main() - Start to do crawling
